Archive:  ec.europa.eu/eurostat/cache/GISCO/geodatafiles/NUTS_2013_60M_SH.zip
   creating: data/org/NUTS_2013_60M_SH/
   creating: data/org/NUTS_2013_60M_SH/data/
 extracting: data/org/NUTS_2013_60M_SH/data/NUTS_AT_2013.cpg  
  inflating: data/org/NUTS_2013_60M_SH/data/NUTS_AT_2013.csv  
  inflating: data/org/NUTS_2013_60M_SH/data/NUTS_AT_2013.dbf  
  inflating: data/org/NUTS_2013_60M_SH/data/NUTS_AT_2013.dbf.xml  
  inflating: data/org/NUTS_2013_60M_SH/data/NUTS_BN_60M_2013.dbf  
  inflating: data/org/NUTS_2013_60M_SH/data/NUTS_BN_60M_2013.prj  
  inflating: data/org/NUTS_2013_60M_SH/data/NUTS_BN_60M_2013.sbn  
  inflating: data/org/NUTS_2013_60M_SH/data/NUTS_BN_60M_2013.sbx  
  inflating: data/org/NUTS_2013_60M_SH/data/NUTS_BN_60M_2013.shp  
  inflating: data/org/NUTS_2013_60M_SH/data/NUTS_BN_60M_2013.shp.xml  
  inflating: data/org/NUTS_2013_60M_SH/data/NUTS_BN_60M_2013.shx  
 extracting: data/org/NUTS_2013_60M_SH/data/NUTS_JOIN_LI_2013.cpg  
  inflating: data/org/NUTS_2013_60M_SH/data/NUTS_JOIN_LI_2013.dbf  
  inflating: data/org/NUTS_2013_60M_SH/data/NUTS_JOIN_LI_2013.prj  
  inflating: data/org/NUTS_2013_60M_SH/data/NUTS_JOIN_LI_2013.sbn  
  inflating: data/org/NUTS_2013_60M_SH/data/NUTS_JOIN_LI_2013.sbx  
  inflating: data/org/NUTS_2013_60M_SH/data/NUTS_JOIN_LI_2013.shp  
  inflating: data/org/NUTS_2013_60M_SH/data/NUTS_JOIN_LI_2013.shp.xml  
  inflating: data/org/NUTS_2013_60M_SH/data/NUTS_JOIN_LI_2013.shx  
 extracting: data/org/NUTS_2013_60M_SH/data/NUTS_LB_2013.cpg  
  inflating: data/org/NUTS_2013_60M_SH/data/NUTS_LB_2013.dbf  
  inflating: data/org/NUTS_2013_60M_SH/data/NUTS_LB_2013.prj  
  inflating: data/org/NUTS_2013_60M_SH/data/NUTS_LB_2013.sbn  
  inflating: data/org/NUTS_2013_60M_SH/data/NUTS_LB_2013.sbx  
  inflating: data/org/NUTS_2013_60M_SH/data/NUTS_LB_2013.shp  
  inflating: data/org/NUTS_2013_60M_SH/data/NUTS_LB_2013.shp.xml  
  inflating: data/org/NUTS_2013_60M_SH/data/NUTS_LB_2013.shx  
  inflating: data/org/NUTS_2013_60M_SH/data/NUTS_RG_60M_2013.dbf  
  inflating: data/org/NUTS_2013_60M_SH/data/NUTS_RG_60M_2013.prj  
  inflating: data/org/NUTS_2013_60M_SH/data/NUTS_RG_60M_2013.sbn  
  inflating: data/org/NUTS_2013_60M_SH/data/NUTS_RG_60M_2013.sbx  
  inflating: data/org/NUTS_2013_60M_SH/data/NUTS_RG_60M_2013.shp  
  inflating: data/org/NUTS_2013_60M_SH/data/NUTS_RG_60M_2013.shp.xml  
  inflating: data/org/NUTS_2013_60M_SH/data/NUTS_RG_60M_2013.shx  
  inflating: data/org/NUTS_2013_60M_SH/data/NUTS_RG_BN_60M_2013.dbf  
  inflating: data/org/NUTS_2013_60M_SH/data/NUTS_RG_BN_60M_2013.dbf.xml  
 extracting: data/org/NUTS_2013_60M_SH/data/NUTS_SEPA_LI_2013.cpg  
  inflating: data/org/NUTS_2013_60M_SH/data/NUTS_SEPA_LI_2013.dbf  
  inflating: data/org/NUTS_2013_60M_SH/data/NUTS_SEPA_LI_2013.prj  
  inflating: data/org/NUTS_2013_60M_SH/data/NUTS_SEPA_LI_2013.sbn  
  inflating: data/org/NUTS_2013_60M_SH/data/NUTS_SEPA_LI_2013.sbx  
  inflating: data/org/NUTS_2013_60M_SH/data/NUTS_SEPA_LI_2013.shp  
  inflating: data/org/NUTS_2013_60M_SH/data/NUTS_SEPA_LI_2013.shp.xml  
  inflating: data/org/NUTS_2013_60M_SH/data/NUTS_SEPA_LI_2013.shx  
   creating: data/org/NUTS_2013_60M_SH/metadata/
  inflating: data/org/NUTS_2013_60M_SH/metadata/Metadata_NUTS_2013.pdf  
  inflating: data/org/NUTS_2013_60M_SH/metadata/Metadata_NUTS_2013.xml  
  inflating: data/org/NUTS_2013_60M_SH/metadata/NUTS_AT_2013.xml  
  inflating: data/org/NUTS_2013_60M_SH/metadata/NUTS_BN_60M_2013.xml  
  inflating: data/org/NUTS_2013_60M_SH/metadata/NUTS_LB_2013.xml  
  inflating: data/org/NUTS_2013_60M_SH/metadata/NUTS_RG_60M_2013.xml  
  inflating: data/org/NUTS_2013_60M_SH/metadata/NUTS_RG_BN_60M_2013.xml  
  inflating: data/org/NUTS_2013_60M_SH/metadata/NUTS_SEPA_LI_2013.xml  
  inflating: data/org/NUTS_2013_60M_SH/NUTS_2013_UML.png  
  inflating: data/org/NUTS_2013_60M_SH/readme.rtf  
  inflating: data/org/NUTS_2013_60M_SH/readme.txt  
